<?xml version="1.0" encoding="UTF-8"?>
<!-- Generated by org.testng.reporters.JUnitReportReporter -->
<testsuite hostname="vamshi" failures="0" tests="1" name="practise.TestNgPractise" time="0.021" errors="0" timestamp="2024-01-24T16:11:36 IST" skipped="0">
  <testcase classname="practise.TestNgPractise" name="testngPractise" time="0.021"/>
  <system-out>
    <![CDATA[hi]]>
  </system-out>
</testsuite> <!-- practise.TestNgPractise -->
